<INFO> 16-Jun-2017::15:28:29.248 MAREIS-M-D0X9 confd[2442]: audit user: admin/0 logged in over ssh from 127.0.0.1 with authmeth:password
<INFO> 16-Jun-2017::15:28:29.295 MAREIS-M-D0X9 confd[2442]: audit user: admin/28 assigned to groups: admin
<INFO> 16-Jun-2017::15:28:29.400 MAREIS-M-D0X9 confd[2442]: audit user: admin/28 CLI 'enable'
<INFO> 16-Jun-2017::15:28:29.401 MAREIS-M-D0X9 confd[2442]: audit user: admin/28 CLI done
<INFO> 16-Jun-2017::15:28:29.403 MAREIS-M-D0X9 confd[2442]: audit user: admin/28 CLI 'terminal length 0'
<INFO> 16-Jun-2017::15:28:29.491 MAREIS-M-D0X9 confd[2442]: audit user: admin/28 CLI done
<INFO> 16-Jun-2017::15:28:29.493 MAREIS-M-D0X9 confd[2442]: audit user: admin/28 CLI 'terminal width 0'
<INFO> 16-Jun-2017::15:28:29.547 MAREIS-M-D0X9 confd[2442]: audit user: admin/28 CLI done
<INFO> 16-Jun-2017::15:28:29.599 MAREIS-M-D0X9 confd[2442]: audit user: admin/28 CLI 'show version'
<INFO> 16-Jun-2017::15:28:29.775 MAREIS-M-D0X9 confd[2442]: audit user: admin/28 CLI done
<INFO> 16-Jun-2017::15:28:29.778 MAREIS-M-D0X9 confd[2442]: audit user: admin/28 CLI 'paginate false'
<INFO> 16-Jun-2017::15:28:29.778 MAREIS-M-D0X9 confd[2442]: audit user: admin/28 CLI done
<INFO> 16-Jun-2017::15:28:29.884 MAREIS-M-D0X9 confd[2442]: audit user: admin/28 CLI 'show running-config'
<INFO> 16-Jun-2017::15:28:30.002 MAREIS-M-D0X9 confd[2442]: audit user: admin/28 CLI done
<INFO> 16-Jun-2017::15:28:30.587 MAREIS-M-D0X9 confd[2442]: audit user: admin/28 CLI 'show running-config'
<INFO> 16-Jun-2017::15:28:30.692 MAREIS-M-D0X9 confd[2442]: audit user: admin/28 CLI done
<INFO> 16-Jun-2017::15:28:30.699 MAREIS-M-D0X9 confd[2442]: audit user: admin/28 CLI 'configure terminal'
<INFO> 16-Jun-2017::15:28:30.708 MAREIS-M-D0X9 confd[2442]: audit user: admin/28 CLI done
<INFO> 16-Jun-2017::15:28:30.719 MAREIS-M-D0X9 confd[2442]: audit user: admin/28 CLI 'feature bgp'
<INFO> 16-Jun-2017::15:28:30.730 MAREIS-M-D0X9 confd[2442]: audit user: admin/28 CLI done
<INFO> 16-Jun-2017::15:28:30.762 MAREIS-M-D0X9 confd[2442]: audit user: admin/28 CLI 'feature interface-vlan'
<INFO> 16-Jun-2017::15:28:30.777 MAREIS-M-D0X9 confd[2442]: audit user: admin/28 CLI done
<INFO> 16-Jun-2017::15:28:30.804 MAREIS-M-D0X9 confd[2442]: audit user: admin/28 CLI 'no fex 101'
<INFO> 16-Jun-2017::15:28:30.810 MAREIS-M-D0X9 confd[2442]: audit user: admin/28 CLI done
<INFO> 16-Jun-2017::15:28:30.839 MAREIS-M-D0X9 confd[2442]: audit user: admin/28 CLI 'no fex 102'
<INFO> 16-Jun-2017::15:28:30.839 MAREIS-M-D0X9 confd[2442]: audit user: admin/28 CLI done
<INFO> 16-Jun-2017::15:28:30.872 MAREIS-M-D0X9 confd[2442]: audit user: admin/28 CLI 'no vlan 380,400'
<INFO> 16-Jun-2017::15:28:30.889 MAREIS-M-D0X9 confd[2442]: audit user: admin/28 CLI done
<INFO> 16-Jun-2017::15:28:30.918 MAREIS-M-D0X9 confd[2442]: audit user: admin/28 CLI 'interface Ethernet1/1'
<INFO> 16-Jun-2017::15:28:30.919 MAREIS-M-D0X9 confd[2442]: audit user: admin/28 CLI done
<INFO> 16-Jun-2017::15:28:30.924 MAREIS-M-D0X9 confd[2442]: audit user: admin/28 CLI 'no channel-group 73'
<INFO> 16-Jun-2017::15:28:30.925 MAREIS-M-D0X9 confd[2442]: audit user: admin/28 CLI done
<INFO> 16-Jun-2017::15:28:30.958 MAREIS-M-D0X9 confd[2442]: audit user: admin/28 CLI 'no interface port-channel100'
<INFO> 16-Jun-2017::15:28:30.958 MAREIS-M-D0X9 confd[2442]: audit user: admin/28 CLI done
<INFO> 16-Jun-2017::15:28:31.004 MAREIS-M-D0X9 confd[2442]: audit user: admin/28 CLI 'no interface port-channel73'
<INFO> 16-Jun-2017::15:28:31.005 MAREIS-M-D0X9 confd[2442]: audit user: admin/28 CLI done
<INFO> 16-Jun-2017::15:28:31.065 MAREIS-M-D0X9 confd[2442]: audit user: admin/28 CLI 'no interface Ethernet1/1'
<INFO> 16-Jun-2017::15:28:31.065 MAREIS-M-D0X9 confd[2442]: audit user: admin/28 CLI done
<INFO> 16-Jun-2017::15:28:31.124 MAREIS-M-D0X9 confd[2442]: audit user: admin/28 CLI 'no interface Ethernet101/1/1'
<INFO> 16-Jun-2017::15:28:31.124 MAREIS-M-D0X9 confd[2442]: audit user: admin/28 CLI done
<INFO> 16-Jun-2017::15:28:31.160 MAREIS-M-D0X9 confd[2442]: audit user: admin/28 CLI 'exit'
<INFO> 16-Jun-2017::15:28:31.163 MAREIS-M-D0X9 confd[2442]: audit user: admin/28 CLI done
<INFO> 16-Jun-2017::15:28:31.166 MAREIS-M-D0X9 confd[2442]: audit user: admin/28 CLI 'copy running-config startup-config'
<INFO> 16-Jun-2017::15:28:31.170 MAREIS-M-D0X9 confd[2442]: audit user: admin/28 CLI done
<INFO> 16-Jun-2017::15:29:02.870 MAREIS-M-D0X9 confd[2442]: audit user: admin/0 Logged out ssh <local> user
<INFO> 16-Jun-2017::15:55:20.768 MAREIS-M-D0X9 confd[2442]: audit user: admin/0 logged in over ssh from 127.0.0.1 with authmeth:password
<INFO> 16-Jun-2017::15:55:20.770 MAREIS-M-D0X9 confd[2442]: audit user: admin/29 assigned to groups: admin
<INFO> 16-Jun-2017::15:55:20.775 MAREIS-M-D0X9 confd[2442]: audit user: admin/29 CLI 'enable'
<INFO> 16-Jun-2017::15:55:20.775 MAREIS-M-D0X9 confd[2442]: audit user: admin/29 CLI done
<INFO> 16-Jun-2017::15:55:20.777 MAREIS-M-D0X9 confd[2442]: audit user: admin/29 CLI 'terminal length 0'
<INFO> 16-Jun-2017::15:55:20.856 MAREIS-M-D0X9 confd[2442]: audit user: admin/29 CLI done
<INFO> 16-Jun-2017::15:55:20.857 MAREIS-M-D0X9 confd[2442]: audit user: admin/29 CLI 'terminal width 0'
<INFO> 16-Jun-2017::15:55:20.932 MAREIS-M-D0X9 confd[2442]: audit user: admin/29 CLI done
<INFO> 16-Jun-2017::15:55:20.946 MAREIS-M-D0X9 confd[2442]: audit user: admin/29 CLI 'show version'
<INFO> 16-Jun-2017::15:55:21.136 MAREIS-M-D0X9 confd[2442]: audit user: admin/29 CLI done
<INFO> 16-Jun-2017::15:55:21.138 MAREIS-M-D0X9 confd[2442]: audit user: admin/29 CLI 'paginate false'
<INFO> 16-Jun-2017::15:55:21.138 MAREIS-M-D0X9 confd[2442]: audit user: admin/29 CLI done
<INFO> 16-Jun-2017::15:55:21.149 MAREIS-M-D0X9 confd[2442]: audit user: admin/29 CLI 'show running-config'
<INFO> 16-Jun-2017::15:55:21.199 MAREIS-M-D0X9 confd[2442]: audit user: admin/29 CLI done
<INFO> 16-Jun-2017::15:55:33.679 MAREIS-M-D0X9 confd[2442]: audit user: admin/29 CLI 'show running-config'
<INFO> 16-Jun-2017::15:55:33.742 MAREIS-M-D0X9 confd[2442]: audit user: admin/29 CLI done
<INFO> 16-Jun-2017::15:55:33.830 MAREIS-M-D0X9 confd[2442]: audit user: admin/29 CLI 'show running-config'
<INFO> 16-Jun-2017::15:55:33.889 MAREIS-M-D0X9 confd[2442]: audit user: admin/29 CLI done
<INFO> 16-Jun-2017::15:55:33.897 MAREIS-M-D0X9 confd[2442]: audit user: admin/29 CLI 'configure terminal'
<INFO> 16-Jun-2017::15:55:33.898 MAREIS-M-D0X9 confd[2442]: audit user: admin/29 CLI done
<INFO> 16-Jun-2017::15:55:33.906 MAREIS-M-D0X9 confd[2442]: audit user: admin/29 CLI 'router bgp 65000'
<INFO> 16-Jun-2017::15:55:33.908 MAREIS-M-D0X9 confd[2442]: audit user: admin/29 CLI done
<INFO> 16-Jun-2017::15:55:33.965 MAREIS-M-D0X9 confd[2442]: audit user: admin/29 CLI 'address-family ipv4 evpn'
<INFO> 16-Jun-2017::15:55:33.966 MAREIS-M-D0X9 confd[2442]: audit user: admin/29 CLI done
<INFO> 16-Jun-2017::15:55:34.002 MAREIS-M-D0X9 confd[2442]: audit user: admin/29 CLI 'exit'
<INFO> 16-Jun-2017::15:55:34.002 MAREIS-M-D0X9 confd[2442]: audit user: admin/29 CLI done
<INFO> 16-Jun-2017::15:55:34.007 MAREIS-M-D0X9 confd[2442]: audit user: admin/29 CLI 'exit'
<INFO> 16-Jun-2017::15:55:34.008 MAREIS-M-D0X9 confd[2442]: audit user: admin/29 CLI done
<INFO> 16-Jun-2017::15:55:34.014 MAREIS-M-D0X9 confd[2442]: audit user: admin/29 CLI 'exit'
<INFO> 16-Jun-2017::15:55:34.015 MAREIS-M-D0X9 confd[2442]: audit user: admin/29 CLI done
<INFO> 16-Jun-2017::15:55:34.018 MAREIS-M-D0X9 confd[2442]: audit user: admin/29 CLI 'copy running-config startup-config'
<INFO> 16-Jun-2017::15:55:34.028 MAREIS-M-D0X9 confd[2442]: audit user: admin/29 CLI done
<INFO> 16-Jun-2017::15:55:34.033 MAREIS-M-D0X9 confd[2442]: audit user: admin/29 CLI 'show running-config'
<INFO> 16-Jun-2017::15:55:34.084 MAREIS-M-D0X9 confd[2442]: audit user: admin/29 CLI done
<INFO> 16-Jun-2017::15:55:39.462 MAREIS-M-D0X9 confd[2442]: audit user: admin/29 CLI 'show running-config'
<INFO> 16-Jun-2017::15:55:39.508 MAREIS-M-D0X9 confd[2442]: audit user: admin/29 CLI done
<INFO> 16-Jun-2017::15:55:39.514 MAREIS-M-D0X9 confd[2442]: audit user: admin/29 CLI 'configure terminal'
<INFO> 16-Jun-2017::15:55:39.515 MAREIS-M-D0X9 confd[2442]: audit user: admin/29 CLI done
<INFO> 16-Jun-2017::15:55:39.523 MAREIS-M-D0X9 confd[2442]: audit user: admin/29 CLI 'vlan 1101'
<INFO> 16-Jun-2017::15:55:39.524 MAREIS-M-D0X9 confd[2442]: audit user: admin/29 CLI done
<INFO> 16-Jun-2017::15:55:39.564 MAREIS-M-D0X9 confd[2442]: audit user: admin/29 CLI 'name SIRB-ACME001'
<INFO> 16-Jun-2017::15:55:39.565 MAREIS-M-D0X9 confd[2442]: audit user: admin/29 CLI done
<INFO> 16-Jun-2017::15:55:39.587 MAREIS-M-D0X9 confd[2442]: audit user: admin/29 CLI 'vn-segment 11101'
<INFO> 16-Jun-2017::15:55:39.588 MAREIS-M-D0X9 confd[2442]: audit user: admin/29 CLI done
<INFO> 16-Jun-2017::15:55:39.638 MAREIS-M-D0X9 confd[2442]: audit user: admin/29 CLI 'vlan 2112'
<INFO> 16-Jun-2017::15:55:39.638 MAREIS-M-D0X9 confd[2442]: audit user: admin/29 CLI done
<INFO> 16-Jun-2017::15:55:39.697 MAREIS-M-D0X9 confd[2442]: audit user: admin/29 CLI 'name LFNC-ACME001-1'
<INFO> 16-Jun-2017::15:55:39.697 MAREIS-M-D0X9 confd[2442]: audit user: admin/29 CLI done
<INFO> 16-Jun-2017::15:55:39.718 MAREIS-M-D0X9 confd[2442]: audit user: admin/29 CLI 'vn-segment 12112'
<INFO> 16-Jun-2017::15:55:39.718 MAREIS-M-D0X9 confd[2442]: audit user: admin/29 CLI done
<INFO> 16-Jun-2017::15:55:39.772 MAREIS-M-D0X9 confd[2442]: audit user: admin/29 CLI 'evpn'
<INFO> 16-Jun-2017::15:55:39.772 MAREIS-M-D0X9 confd[2442]: audit user: admin/29 CLI done
<INFO> 16-Jun-2017::15:55:39.776 MAREIS-M-D0X9 confd[2442]: audit user: admin/29 CLI 'vni 12112 l2'
<INFO> 16-Jun-2017::15:55:39.777 MAREIS-M-D0X9 confd[2442]: audit user: admin/29 CLI done
<INFO> 16-Jun-2017::15:55:39.801 MAREIS-M-D0X9 confd[2442]: audit user: admin/29 CLI 'rd auto'
<INFO> 16-Jun-2017::15:55:39.802 MAREIS-M-D0X9 confd[2442]: audit user: admin/29 CLI done
<INFO> 16-Jun-2017::15:55:39.853 MAREIS-M-D0X9 confd[2442]: audit user: admin/29 CLI 'route-target import 65001:12112'
<INFO> 16-Jun-2017::15:55:39.853 MAREIS-M-D0X9 confd[2442]: audit user: admin/29 CLI done
<INFO> 16-Jun-2017::15:55:39.874 MAREIS-M-D0X9 confd[2442]: audit user: admin/29 CLI 'route-target export 65001:12112'
<INFO> 16-Jun-2017::15:55:39.874 MAREIS-M-D0X9 confd[2442]: audit user: admin/29 CLI done
<INFO> 16-Jun-2017::15:55:39.903 MAREIS-M-D0X9 confd[2442]: audit user: admin/29 CLI 'vrf context ACME001'
<INFO> 16-Jun-2017::15:55:39.905 MAREIS-M-D0X9 confd[2442]: audit user: admin/29 CLI done
<INFO> 16-Jun-2017::15:55:39.930 MAREIS-M-D0X9 confd[2442]: audit user: admin/29 CLI 'vni 11101'
<INFO> 16-Jun-2017::15:55:39.931 MAREIS-M-D0X9 confd[2442]: audit user: admin/29 CLI done
<INFO> 16-Jun-2017::15:55:39.977 MAREIS-M-D0X9 confd[2442]: audit user: admin/29 CLI 'rd auto'
<INFO> 16-Jun-2017::15:55:39.978 MAREIS-M-D0X9 confd[2442]: audit user: admin/29 CLI done
<INFO> 16-Jun-2017::15:55:40.013 MAREIS-M-D0X9 confd[2442]: audit user: admin/29 CLI 'address-family ipv4 unicast'
<INFO> 16-Jun-2017::15:55:40.014 MAREIS-M-D0X9 confd[2442]: audit user: admin/29 CLI done
<INFO> 16-Jun-2017::15:55:40.078 MAREIS-M-D0X9 confd[2442]: audit user: admin/29 CLI 'route-target export 65001:11101 evpn'
<INFO> 16-Jun-2017::15:55:40.078 MAREIS-M-D0X9 confd[2442]: audit user: admin/29 CLI done
<INFO> 16-Jun-2017::15:55:40.115 MAREIS-M-D0X9 confd[2442]: audit user: admin/29 CLI 'route-target export 65001:11101'
<INFO> 16-Jun-2017::15:55:40.116 MAREIS-M-D0X9 confd[2442]: audit user: admin/29 CLI done
<INFO> 16-Jun-2017::15:55:40.157 MAREIS-M-D0X9 confd[2442]: audit user: admin/29 CLI 'route-target import 65001:11101 evpn'
<INFO> 16-Jun-2017::15:55:40.158 MAREIS-M-D0X9 confd[2442]: audit user: admin/29 CLI done
<INFO> 16-Jun-2017::15:55:40.203 MAREIS-M-D0X9 confd[2442]: audit user: admin/29 CLI 'route-target import 65001:11101'
<INFO> 16-Jun-2017::15:55:40.203 MAREIS-M-D0X9 confd[2442]: audit user: admin/29 CLI done
<INFO> 16-Jun-2017::15:55:40.247 MAREIS-M-D0X9 confd[2442]: audit user: admin/29 CLI 'exit'
<INFO> 16-Jun-2017::15:55:40.248 MAREIS-M-D0X9 confd[2442]: audit user: admin/29 CLI done
<INFO> 16-Jun-2017::15:55:40.250 MAREIS-M-D0X9 confd[2442]: audit user: admin/29 CLI 'exit'
<INFO> 16-Jun-2017::15:55:40.251 MAREIS-M-D0X9 confd[2442]: audit user: admin/29 CLI done
<INFO> 16-Jun-2017::15:55:40.257 MAREIS-M-D0X9 confd[2442]: audit user: admin/29 CLI 'policy-map type qos RATE-LIMIT-100Mbps'
<INFO> 16-Jun-2017::15:55:40.257 MAREIS-M-D0X9 confd[2442]: audit user: admin/29 CLI done
<INFO> 16-Jun-2017::15:55:40.287 MAREIS-M-D0X9 confd[2442]: audit user: admin/29 CLI 'class class-default'
<INFO> 16-Jun-2017::15:55:40.287 MAREIS-M-D0X9 confd[2442]: audit user: admin/29 CLI done
<INFO> 16-Jun-2017::15:55:40.327 MAREIS-M-D0X9 confd[2442]: audit user: admin/29 CLI 'police cir 100 mbps'
<INFO> 16-Jun-2017::15:55:40.328 MAREIS-M-D0X9 confd[2442]: audit user: admin/29 CLI done
<INFO> 16-Jun-2017::15:55:40.380 MAREIS-M-D0X9 confd[2442]: audit user: admin/29 CLI 'interface nve1'
<INFO> 16-Jun-2017::15:55:40.380 MAREIS-M-D0X9 confd[2442]: audit user: admin/29 CLI done
<INFO> 16-Jun-2017::15:55:40.410 MAREIS-M-D0X9 confd[2442]: audit user: admin/29 CLI 'host-reachability protocol bgp'
<INFO> 16-Jun-2017::15:55:40.411 MAREIS-M-D0X9 confd[2442]: audit user: admin/29 CLI done
<INFO> 16-Jun-2017::15:55:40.439 MAREIS-M-D0X9 confd[2442]: audit user: admin/29 CLI 'member vni 11101 associate-vrf'
<INFO> 16-Jun-2017::15:55:40.439 MAREIS-M-D0X9 confd[2442]: audit user: admin/29 CLI done
<INFO> 16-Jun-2017::15:55:40.469 MAREIS-M-D0X9 confd[2442]: audit user: admin/29 CLI 'member vni 12112'
<INFO> 16-Jun-2017::15:55:40.470 MAREIS-M-D0X9 confd[2442]: audit user: admin/29 CLI done
<INFO> 16-Jun-2017::15:55:40.499 MAREIS-M-D0X9 confd[2442]: audit user: admin/29 CLI 'suppress-arp'
<INFO> 16-Jun-2017::15:55:40.500 MAREIS-M-D0X9 confd[2442]: audit user: admin/29 CLI done
<INFO> 16-Jun-2017::15:55:40.522 MAREIS-M-D0X9 confd[2442]: audit user: admin/29 CLI 'ingress-replication protocol bgp'
<INFO> 16-Jun-2017::15:55:40.523 MAREIS-M-D0X9 confd[2442]: audit user: admin/29 CLI done
<INFO> 16-Jun-2017::15:55:40.573 MAREIS-M-D0X9 confd[2442]: audit user: admin/29 CLI 'no shutdown'
<INFO> 16-Jun-2017::15:55:40.573 MAREIS-M-D0X9 confd[2442]: audit user: admin/29 CLI done
<INFO> 16-Jun-2017::15:55:40.575 MAREIS-M-D0X9 confd[2442]: audit user: admin/29 CLI 'source-interface loopback0'
<INFO> 16-Jun-2017::15:55:40.576 MAREIS-M-D0X9 confd[2442]: audit user: admin/29 CLI done
<INFO> 16-Jun-2017::15:55:40.625 MAREIS-M-D0X9 confd[2442]: audit user: admin/29 CLI 'interface Vlan1101'
<INFO> 16-Jun-2017::15:55:40.630 MAREIS-M-D0X9 confd[2442]: audit user: admin/29 CLI done
<INFO> 16-Jun-2017::15:55:40.669 MAREIS-M-D0X9 confd[2442]: audit user: admin/29 CLI 'description SIRB-ACME001'
<INFO> 16-Jun-2017::15:55:40.670 MAREIS-M-D0X9 confd[2442]: audit user: admin/29 CLI done
<INFO> 16-Jun-2017::15:55:40.697 MAREIS-M-D0X9 confd[2442]: audit user: admin/29 CLI 'no shutdown'
<INFO> 16-Jun-2017::15:55:40.698 MAREIS-M-D0X9 confd[2442]: audit user: admin/29 CLI done
<INFO> 16-Jun-2017::15:55:40.701 MAREIS-M-D0X9 confd[2442]: audit user: admin/29 CLI 'vrf member ACME001'
<INFO> 16-Jun-2017::15:55:40.702 MAREIS-M-D0X9 confd[2442]: audit user: admin/29 CLI done
<INFO> 16-Jun-2017::15:55:40.731 MAREIS-M-D0X9 confd[2442]: audit user: admin/29 CLI 'ip forward'
<INFO> 16-Jun-2017::15:55:40.733 MAREIS-M-D0X9 confd[2442]: audit user: admin/29 CLI done
<INFO> 16-Jun-2017::15:55:40.763 MAREIS-M-D0X9 confd[2442]: audit user: admin/29 CLI 'no ip redirects'
<INFO> 16-Jun-2017::15:55:40.764 MAREIS-M-D0X9 confd[2442]: audit user: admin/29 CLI done
<INFO> 16-Jun-2017::15:55:40.788 MAREIS-M-D0X9 confd[2442]: audit user: admin/29 CLI 'no ipv6 redirects'
<INFO> 16-Jun-2017::15:55:40.789 MAREIS-M-D0X9 confd[2442]: audit user: admin/29 CLI done
<INFO> 16-Jun-2017::15:55:40.817 MAREIS-M-D0X9 confd[2442]: audit user: admin/29 CLI 'exit'
<INFO> 16-Jun-2017::15:55:40.817 MAREIS-M-D0X9 confd[2442]: audit user: admin/29 CLI done
<INFO> 16-Jun-2017::15:55:40.824 MAREIS-M-D0X9 confd[2442]: audit user: admin/29 CLI 'interface Vlan2112'
<INFO> 16-Jun-2017::15:55:40.829 MAREIS-M-D0X9 confd[2442]: audit user: admin/29 CLI done
<INFO> 16-Jun-2017::15:55:40.880 MAREIS-M-D0X9 confd[2442]: audit user: admin/29 CLI 'description LFNC-ACME001-1'
<INFO> 16-Jun-2017::15:55:40.881 MAREIS-M-D0X9 confd[2442]: audit user: admin/29 CLI done
<INFO> 16-Jun-2017::15:55:40.916 MAREIS-M-D0X9 confd[2442]: audit user: admin/29 CLI 'no shutdown'
<INFO> 16-Jun-2017::15:55:40.917 MAREIS-M-D0X9 confd[2442]: audit user: admin/29 CLI done
<INFO> 16-Jun-2017::15:55:40.922 MAREIS-M-D0X9 confd[2442]: audit user: admin/29 CLI 'vrf member ACME001'
<INFO> 16-Jun-2017::15:55:40.923 MAREIS-M-D0X9 confd[2442]: audit user: admin/29 CLI done
<INFO> 16-Jun-2017::15:55:40.954 MAREIS-M-D0X9 confd[2442]: audit user: admin/29 CLI 'ip address 4.4.4.4/30 tag 123'
<INFO> 16-Jun-2017::15:55:40.956 MAREIS-M-D0X9 confd[2442]: audit user: admin/29 CLI done
<INFO> 16-Jun-2017::15:55:40.986 MAREIS-M-D0X9 confd[2442]: audit user: admin/29 CLI 'no ip redirects'
<INFO> 16-Jun-2017::15:55:40.987 MAREIS-M-D0X9 confd[2442]: audit user: admin/29 CLI done
<INFO> 16-Jun-2017::15:55:41.015 MAREIS-M-D0X9 confd[2442]: audit user: admin/29 CLI 'no ipv6 redirects'
<INFO> 16-Jun-2017::15:55:41.016 MAREIS-M-D0X9 confd[2442]: audit user: admin/29 CLI done
<INFO> 16-Jun-2017::15:55:41.050 MAREIS-M-D0X9 confd[2442]: audit user: admin/29 CLI 'exit'
<INFO> 16-Jun-2017::15:55:41.051 MAREIS-M-D0X9 confd[2442]: audit user: admin/29 CLI done
<INFO> 16-Jun-2017::15:55:41.057 MAREIS-M-D0X9 confd[2442]: audit user: admin/29 CLI 'interface port-channel1001'
<INFO> 16-Jun-2017::15:55:41.064 MAREIS-M-D0X9 confd[2442]: audit user: admin/29 CLI done
<INFO> 16-Jun-2017::15:55:41.118 MAREIS-M-D0X9 confd[2442]: audit user: admin/29 CLI 'switchport mode trunk'
<INFO> 16-Jun-2017::15:55:41.120 MAREIS-M-D0X9 confd[2442]: audit user: admin/29 CLI done
<INFO> 16-Jun-2017::15:55:41.154 MAREIS-M-D0X9 confd[2442]: audit user: admin/29 CLI 'switchport trunk allowed vlan 2112'
<INFO> 16-Jun-2017::15:55:41.155 MAREIS-M-D0X9 confd[2442]: audit user: admin/29 CLI done
<INFO> 16-Jun-2017::15:55:41.208 MAREIS-M-D0X9 confd[2442]: audit user: admin/29 CLI 'description ACME001-Port-Channel'
<INFO> 16-Jun-2017::15:55:41.209 MAREIS-M-D0X9 confd[2442]: audit user: admin/29 CLI done
<INFO> 16-Jun-2017::15:55:41.239 MAREIS-M-D0X9 confd[2442]: audit user: admin/29 CLI 'no shutdown'
<INFO> 16-Jun-2017::15:55:41.240 MAREIS-M-D0X9 confd[2442]: audit user: admin/29 CLI done
<INFO> 16-Jun-2017::15:55:41.243 MAREIS-M-D0X9 confd[2442]: audit user: admin/29 CLI 'mtu 9192'
<INFO> 16-Jun-2017::15:55:41.243 MAREIS-M-D0X9 confd[2442]: audit user: admin/29 CLI done
<INFO> 16-Jun-2017::15:55:41.272 MAREIS-M-D0X9 confd[2442]: audit user: admin/29 CLI 'service-policy type qos input RATE-LIMIT-100Mbps'
<INFO> 16-Jun-2017::15:55:41.273 MAREIS-M-D0X9 confd[2442]: audit user: admin/29 CLI done
<INFO> 16-Jun-2017::15:55:41.310 MAREIS-M-D0X9 confd[2442]: audit user: admin/29 CLI 'spanning-tree bpdufilter enable'
<INFO> 16-Jun-2017::15:55:41.310 MAREIS-M-D0X9 confd[2442]: audit user: admin/29 CLI done
<INFO> 16-Jun-2017::15:55:41.339 MAREIS-M-D0X9 confd[2442]: audit user: admin/29 CLI 'spanning-tree port type edge'
<INFO> 16-Jun-2017::15:55:41.340 MAREIS-M-D0X9 confd[2442]: audit user: admin/29 CLI done
<INFO> 16-Jun-2017::15:55:41.364 MAREIS-M-D0X9 confd[2442]: audit user: admin/29 CLI 'storm-control broadcast level 5.0'
<INFO> 16-Jun-2017::15:55:41.364 MAREIS-M-D0X9 confd[2442]: audit user: admin/29 CLI done
<INFO> 16-Jun-2017::15:55:41.427 MAREIS-M-D0X9 confd[2442]: audit user: admin/29 CLI 'storm-control unicast level 5.0'
<INFO> 16-Jun-2017::15:55:41.427 MAREIS-M-D0X9 confd[2442]: audit user: admin/29 CLI done
<INFO> 16-Jun-2017::15:55:41.478 MAREIS-M-D0X9 confd[2442]: audit user: admin/29 CLI 'storm-control multicast level 5.0'
<INFO> 16-Jun-2017::15:55:41.478 MAREIS-M-D0X9 confd[2442]: audit user: admin/29 CLI done
<INFO> 16-Jun-2017::15:55:41.522 MAREIS-M-D0X9 confd[2442]: audit user: admin/29 CLI 'exit'
<INFO> 16-Jun-2017::15:55:41.522 MAREIS-M-D0X9 confd[2442]: audit user: admin/29 CLI done
<INFO> 16-Jun-2017::15:55:41.528 MAREIS-M-D0X9 confd[2442]: audit user: admin/29 CLI 'interface Ethernet1/1'
<INFO> 16-Jun-2017::15:55:41.535 MAREIS-M-D0X9 confd[2442]: audit user: admin/29 CLI done
<INFO> 16-Jun-2017::15:55:41.564 MAREIS-M-D0X9 confd[2442]: audit user: admin/29 CLI 'switchport mode trunk'
<INFO> 16-Jun-2017::15:55:41.565 MAREIS-M-D0X9 confd[2442]: audit user: admin/29 CLI done
<INFO> 16-Jun-2017::15:55:41.593 MAREIS-M-D0X9 confd[2442]: audit user: admin/29 CLI 'switchport trunk allowed vlan 2112'
<INFO> 16-Jun-2017::15:55:41.594 MAREIS-M-D0X9 confd[2442]: audit user: admin/29 CLI done
<INFO> 16-Jun-2017::15:55:41.653 MAREIS-M-D0X9 confd[2442]: audit user: admin/29 CLI 'channel-group 1001 mode active'
<INFO> 16-Jun-2017::15:55:41.654 MAREIS-M-D0X9 confd[2442]: audit user: admin/29 CLI done
<INFO> 16-Jun-2017::15:55:41.684 MAREIS-M-D0X9 confd[2442]: audit user: admin/29 CLI 'description ACME001'
<INFO> 16-Jun-2017::15:55:41.685 MAREIS-M-D0X9 confd[2442]: audit user: admin/29 CLI done
<INFO> 16-Jun-2017::15:55:41.716 MAREIS-M-D0X9 confd[2442]: audit user: admin/29 CLI 'no shutdown'
<INFO> 16-Jun-2017::15:55:41.716 MAREIS-M-D0X9 confd[2442]: audit user: admin/29 CLI done
<INFO> 16-Jun-2017::15:55:41.719 MAREIS-M-D0X9 confd[2442]: audit user: admin/29 CLI 'mtu 9192'
<INFO> 16-Jun-2017::15:55:41.720 MAREIS-M-D0X9 confd[2442]: audit user: admin/29 CLI done
<INFO> 16-Jun-2017::15:55:41.748 MAREIS-M-D0X9 confd[2442]: audit user: admin/29 CLI 'spanning-tree bpdufilter enable'
<INFO> 16-Jun-2017::15:55:41.749 MAREIS-M-D0X9 confd[2442]: audit user: admin/29 CLI done
<INFO> 16-Jun-2017::15:55:41.775 MAREIS-M-D0X9 confd[2442]: audit user: admin/29 CLI 'spanning-tree port type edge'
<INFO> 16-Jun-2017::15:55:41.776 MAREIS-M-D0X9 confd[2442]: audit user: admin/29 CLI done
<INFO> 16-Jun-2017::15:55:41.804 MAREIS-M-D0X9 confd[2442]: audit user: admin/29 CLI 'storm-control broadcast level 5.0'
<INFO> 16-Jun-2017::15:55:41.805 MAREIS-M-D0X9 confd[2442]: audit user: admin/29 CLI done
<INFO> 16-Jun-2017::15:55:41.833 MAREIS-M-D0X9 confd[2442]: audit user: admin/29 CLI 'storm-control unicast level 5.0'
<INFO> 16-Jun-2017::15:55:41.833 MAREIS-M-D0X9 confd[2442]: audit user: admin/29 CLI done
<INFO> 16-Jun-2017::15:55:41.862 MAREIS-M-D0X9 confd[2442]: audit user: admin/29 CLI 'storm-control multicast level 5.0'
<INFO> 16-Jun-2017::15:55:41.862 MAREIS-M-D0X9 confd[2442]: audit user: admin/29 CLI done
<INFO> 16-Jun-2017::15:55:41.884 MAREIS-M-D0X9 confd[2442]: audit user: admin/29 CLI 'no lldp transmit'
<INFO> 16-Jun-2017::15:55:41.884 MAREIS-M-D0X9 confd[2442]: audit user: admin/29 CLI done
<INFO> 16-Jun-2017::15:55:41.915 MAREIS-M-D0X9 confd[2442]: audit user: admin/29 CLI 'interface Ethernet1/2'
<INFO> 16-Jun-2017::15:55:41.920 MAREIS-M-D0X9 confd[2442]: audit user: admin/29 CLI done
<INFO> 16-Jun-2017::15:55:41.949 MAREIS-M-D0X9 confd[2442]: audit user: admin/29 CLI 'switchport mode trunk'
<INFO> 16-Jun-2017::15:55:41.951 MAREIS-M-D0X9 confd[2442]: audit user: admin/29 CLI done
<INFO> 16-Jun-2017::15:55:41.973 MAREIS-M-D0X9 confd[2442]: audit user: admin/29 CLI 'switchport trunk allowed vlan 2112'
<INFO> 16-Jun-2017::15:55:41.973 MAREIS-M-D0X9 confd[2442]: audit user: admin/29 CLI done
<INFO> 16-Jun-2017::15:55:42.002 MAREIS-M-D0X9 confd[2442]: audit user: admin/29 CLI 'channel-group 1001 mode active'
<INFO> 16-Jun-2017::15:55:42.003 MAREIS-M-D0X9 confd[2442]: audit user: admin/29 CLI done
<INFO> 16-Jun-2017::15:55:42.029 MAREIS-M-D0X9 confd[2442]: audit user: admin/29 CLI 'description ACME001'
<INFO> 16-Jun-2017::15:55:42.029 MAREIS-M-D0X9 confd[2442]: audit user: admin/29 CLI done
<INFO> 16-Jun-2017::15:55:42.056 MAREIS-M-D0X9 confd[2442]: audit user: admin/29 CLI 'no shutdown'
<INFO> 16-Jun-2017::15:55:42.056 MAREIS-M-D0X9 confd[2442]: audit user: admin/29 CLI done
<INFO> 16-Jun-2017::15:55:42.058 MAREIS-M-D0X9 confd[2442]: audit user: admin/29 CLI 'mtu 9192'
<INFO> 16-Jun-2017::15:55:42.059 MAREIS-M-D0X9 confd[2442]: audit user: admin/29 CLI done
<INFO> 16-Jun-2017::15:55:42.095 MAREIS-M-D0X9 confd[2442]: audit user: admin/29 CLI 'spanning-tree bpdufilter enable'
<INFO> 16-Jun-2017::15:55:42.095 MAREIS-M-D0X9 confd[2442]: audit user: admin/29 CLI done
<INFO> 16-Jun-2017::15:55:42.118 MAREIS-M-D0X9 confd[2442]: audit user: admin/29 CLI 'spanning-tree port type edge'
<INFO> 16-Jun-2017::15:55:42.118 MAREIS-M-D0X9 confd[2442]: audit user: admin/29 CLI done
<INFO> 16-Jun-2017::15:55:42.142 MAREIS-M-D0X9 confd[2442]: audit user: admin/29 CLI 'storm-control broadcast level 5.0'
<INFO> 16-Jun-2017::15:55:42.143 MAREIS-M-D0X9 confd[2442]: audit user: admin/29 CLI done
<INFO> 16-Jun-2017::15:55:42.166 MAREIS-M-D0X9 confd[2442]: audit user: admin/29 CLI 'storm-control unicast level 5.0'
<INFO> 16-Jun-2017::15:55:42.167 MAREIS-M-D0X9 confd[2442]: audit user: admin/29 CLI done
<INFO> 16-Jun-2017::15:55:42.198 MAREIS-M-D0X9 confd[2442]: audit user: admin/29 CLI 'storm-control multicast level 5.0'
<INFO> 16-Jun-2017::15:55:42.199 MAREIS-M-D0X9 confd[2442]: audit user: admin/29 CLI done
<INFO> 16-Jun-2017::15:55:42.221 MAREIS-M-D0X9 confd[2442]: audit user: admin/29 CLI 'no lldp transmit'
<INFO> 16-Jun-2017::15:55:42.221 MAREIS-M-D0X9 confd[2442]: audit user: admin/29 CLI done
<INFO> 16-Jun-2017::15:55:42.250 MAREIS-M-D0X9 confd[2442]: audit user: admin/29 CLI 'router bgp 65000'
<INFO> 16-Jun-2017::15:55:42.251 MAREIS-M-D0X9 confd[2442]: audit user: admin/29 CLI done
<INFO> 16-Jun-2017::15:55:42.254 MAREIS-M-D0X9 confd[2442]: audit user: admin/29 CLI 'vrf ACME001'
<INFO> 16-Jun-2017::15:55:42.254 MAREIS-M-D0X9 confd[2442]: audit user: admin/29 CLI done
<INFO> 16-Jun-2017::15:55:42.284 MAREIS-M-D0X9 confd[2442]: audit user: admin/29 CLI 'address-family ipv4 unicast'
<INFO> 16-Jun-2017::15:55:42.285 MAREIS-M-D0X9 confd[2442]: audit user: admin/29 CLI done
<INFO> 16-Jun-2017::15:55:42.323 MAREIS-M-D0X9 confd[2442]: audit user: admin/29 CLI 'advertise l2vpn evpn'
<INFO> 16-Jun-2017::15:55:42.324 MAREIS-M-D0X9 confd[2442]: audit user: admin/29 CLI done
<INFO> 16-Jun-2017::15:55:42.367 MAREIS-M-D0X9 confd[2442]: audit user: admin/29 CLI 'maximum-paths 2'
<INFO> 16-Jun-2017::15:55:42.367 MAREIS-M-D0X9 confd[2442]: audit user: admin/29 CLI done
<INFO> 16-Jun-2017::15:55:42.403 MAREIS-M-D0X9 confd[2442]: audit user: admin/29 CLI 'exit'
<INFO> 16-Jun-2017::15:55:42.403 MAREIS-M-D0X9 confd[2442]: audit user: admin/29 CLI done
<INFO> 16-Jun-2017::15:55:42.408 MAREIS-M-D0X9 confd[2442]: audit user: admin/29 CLI 'exit'
<INFO> 16-Jun-2017::15:55:42.408 MAREIS-M-D0X9 confd[2442]: audit user: admin/29 CLI done
<INFO> 16-Jun-2017::15:55:42.410 MAREIS-M-D0X9 confd[2442]: audit user: admin/29 CLI 'exit'
<INFO> 16-Jun-2017::15:55:42.410 MAREIS-M-D0X9 confd[2442]: audit user: admin/29 CLI done
<INFO> 16-Jun-2017::15:55:42.414 MAREIS-M-D0X9 confd[2442]: audit user: admin/29 CLI 'exit'
<INFO> 16-Jun-2017::15:55:42.415 MAREIS-M-D0X9 confd[2442]: audit user: admin/29 CLI done
<INFO> 16-Jun-2017::15:55:42.517 MAREIS-M-D0X9 confd[2442]: audit user: admin/29 CLI 'copy running-config startup-config'
<INFO> 16-Jun-2017::15:55:42.551 MAREIS-M-D0X9 confd[2442]: audit user: admin/29 CLI done
<INFO> 16-Jun-2017::15:55:42.556 MAREIS-M-D0X9 confd[2442]: audit user: admin/29 CLI 'show running-config'
<INFO> 16-Jun-2017::15:55:42.710 MAREIS-M-D0X9 confd[2442]: audit user: admin/29 CLI done
<INFO> 16-Jun-2017::15:56:01.621 MAREIS-M-D0X9 confd[2442]: audit user: admin/29 CLI 'show running-config'
<INFO> 16-Jun-2017::15:56:01.752 MAREIS-M-D0X9 confd[2442]: audit user: admin/29 CLI done
<INFO> 16-Jun-2017::15:56:01.766 MAREIS-M-D0X9 confd[2442]: audit user: admin/29 CLI 'configure terminal'
<INFO> 16-Jun-2017::15:56:01.766 MAREIS-M-D0X9 confd[2442]: audit user: admin/29 CLI done
<INFO> 16-Jun-2017::15:56:01.774 MAREIS-M-D0X9 confd[2442]: audit user: admin/29 CLI 'router bgp 65000'
<INFO> 16-Jun-2017::15:56:01.775 MAREIS-M-D0X9 confd[2442]: audit user: admin/29 CLI done
<INFO> 16-Jun-2017::15:56:01.778 MAREIS-M-D0X9 confd[2442]: audit user: admin/29 CLI 'no vrf ACME001'
<INFO> 16-Jun-2017::15:56:01.779 MAREIS-M-D0X9 confd[2442]: audit user: admin/29 CLI done
<INFO> 16-Jun-2017::15:56:01.815 MAREIS-M-D0X9 confd[2442]: audit user: admin/29 CLI 'no vlan 1101,2112'
<INFO> 16-Jun-2017::15:56:01.818 MAREIS-M-D0X9 confd[2442]: audit user: admin/29 CLI done
<INFO> 16-Jun-2017::15:56:01.855 MAREIS-M-D0X9 confd[2442]: audit user: admin/29 CLI 'evpn'
<INFO> 16-Jun-2017::15:56:01.856 MAREIS-M-D0X9 confd[2442]: audit user: admin/29 CLI done
<INFO> 16-Jun-2017::15:56:01.858 MAREIS-M-D0X9 confd[2442]: audit user: admin/29 CLI 'no vni 12112 l2'
<INFO> 16-Jun-2017::15:56:01.858 MAREIS-M-D0X9 confd[2442]: audit user: admin/29 CLI done
<INFO> 16-Jun-2017::15:56:01.918 MAREIS-M-D0X9 confd[2442]: audit user: admin/29 CLI 'vrf context ACME001'
<INFO> 16-Jun-2017::15:56:01.919 MAREIS-M-D0X9 confd[2442]: audit user: admin/29 CLI done
<INFO> 16-Jun-2017::15:56:01.921 MAREIS-M-D0X9 confd[2442]: audit user: admin/29 CLI 'no address-family ipv4 unicast'
<INFO> 16-Jun-2017::15:56:01.921 MAREIS-M-D0X9 confd[2442]: audit user: admin/29 CLI done
<INFO> 16-Jun-2017::15:56:01.946 MAREIS-M-D0X9 confd[2442]: audit user: admin/29 CLI 'no vni 11101'
<INFO> 16-Jun-2017::15:56:01.947 MAREIS-M-D0X9 confd[2442]: audit user: admin/29 CLI done
<INFO> 16-Jun-2017::15:56:01.968 MAREIS-M-D0X9 confd[2442]: audit user: admin/29 CLI 'no rd auto'
<INFO> 16-Jun-2017::15:56:01.968 MAREIS-M-D0X9 confd[2442]: audit user: admin/29 CLI done
<INFO> 16-Jun-2017::15:56:02.016 MAREIS-M-D0X9 confd[2442]: audit user: admin/29 CLI 'exit'
<INFO> 16-Jun-2017::15:56:02.016 MAREIS-M-D0X9 confd[2442]: audit user: admin/29 CLI done
<INFO> 16-Jun-2017::15:56:02.021 MAREIS-M-D0X9 confd[2442]: audit user: admin/29 CLI 'no vrf context ACME001'
<INFO> 16-Jun-2017::15:56:02.022 MAREIS-M-D0X9 confd[2442]: audit user: admin/29 CLI done
<INFO> 16-Jun-2017::15:56:02.050 MAREIS-M-D0X9 confd[2442]: audit user: admin/29 CLI 'interface Ethernet1/1'
<INFO> 16-Jun-2017::15:56:02.050 MAREIS-M-D0X9 confd[2442]: audit user: admin/29 CLI done
<INFO> 16-Jun-2017::15:56:02.052 MAREIS-M-D0X9 confd[2442]: audit user: admin/29 CLI 'no channel-group 1001'
<INFO> 16-Jun-2017::15:56:02.053 MAREIS-M-D0X9 confd[2442]: audit user: admin/29 CLI done
<INFO> 16-Jun-2017::15:56:02.092 MAREIS-M-D0X9 confd[2442]: audit user: admin/29 CLI 'interface Ethernet1/2'
<INFO> 16-Jun-2017::15:56:02.092 MAREIS-M-D0X9 confd[2442]: audit user: admin/29 CLI done
<INFO> 16-Jun-2017::15:56:02.095 MAREIS-M-D0X9 confd[2442]: audit user: admin/29 CLI 'no channel-group 1001'
<INFO> 16-Jun-2017::15:56:02.095 MAREIS-M-D0X9 confd[2442]: audit user: admin/29 CLI done
<INFO> 16-Jun-2017::15:56:02.178 MAREIS-M-D0X9 confd[2442]: audit user: admin/29 CLI 'no interface port-channel1001'
<INFO> 16-Jun-2017::15:56:02.179 MAREIS-M-D0X9 confd[2442]: audit user: admin/29 CLI done
<INFO> 16-Jun-2017::15:56:02.217 MAREIS-M-D0X9 confd[2442]: audit user: admin/29 CLI 'no policy-map type qos RATE-LIMIT-100Mbps'
<INFO> 16-Jun-2017::15:56:02.217 MAREIS-M-D0X9 confd[2442]: audit user: admin/29 CLI done
<INFO> 16-Jun-2017::15:56:02.289 MAREIS-M-D0X9 confd[2442]: audit user: admin/29 CLI 'no interface nve1'
<INFO> 16-Jun-2017::15:56:02.290 MAREIS-M-D0X9 confd[2442]: audit user: admin/29 CLI done
<INFO> 16-Jun-2017::15:56:02.339 MAREIS-M-D0X9 confd[2442]: audit user: admin/29 CLI 'no interface Vlan1101'
<INFO> 16-Jun-2017::15:56:02.339 MAREIS-M-D0X9 confd[2442]: audit user: admin/29 CLI done
<INFO> 16-Jun-2017::15:56:02.412 MAREIS-M-D0X9 confd[2442]: audit user: admin/29 CLI 'no interface Vlan2112'
<INFO> 16-Jun-2017::15:56:02.413 MAREIS-M-D0X9 confd[2442]: audit user: admin/29 CLI done
<INFO> 16-Jun-2017::15:56:02.450 MAREIS-M-D0X9 confd[2442]: audit user: admin/29 CLI 'no interface Ethernet1/1'
<INFO> 16-Jun-2017::15:56:02.450 MAREIS-M-D0X9 confd[2442]: audit user: admin/29 CLI done
<INFO> 16-Jun-2017::15:56:02.525 MAREIS-M-D0X9 confd[2442]: audit user: admin/29 CLI 'no interface Ethernet1/2'
<INFO> 16-Jun-2017::15:56:02.525 MAREIS-M-D0X9 confd[2442]: audit user: admin/29 CLI done
<INFO> 16-Jun-2017::15:56:02.603 MAREIS-M-D0X9 confd[2442]: audit user: admin/29 CLI 'exit'
<INFO> 16-Jun-2017::15:56:02.603 MAREIS-M-D0X9 confd[2442]: audit user: admin/29 CLI done
<INFO> 16-Jun-2017::15:56:02.655 MAREIS-M-D0X9 confd[2442]: audit user: admin/29 CLI 'copy running-config startup-config'
<INFO> 16-Jun-2017::15:56:02.662 MAREIS-M-D0X9 confd[2442]: audit user: admin/29 CLI done
<INFO> 16-Jun-2017::15:56:02.669 MAREIS-M-D0X9 confd[2442]: audit user: admin/29 CLI 'show running-config'
<INFO> 16-Jun-2017::15:56:02.720 MAREIS-M-D0X9 confd[2442]: audit user: admin/29 CLI done
<INFO> 16-Jun-2017::15:56:33.716 MAREIS-M-D0X9 confd[2442]: audit user: admin/0 Logged out ssh <local> user
<INFO> 16-Jun-2017::16:05:53.268 MAREIS-M-D0X9 confd[2442]: audit user: admin/0 logged in over ssh from 127.0.0.1 with authmeth:password
<INFO> 16-Jun-2017::16:05:53.269 MAREIS-M-D0X9 confd[2442]: audit user: admin/30 assigned to groups: admin
<INFO> 16-Jun-2017::16:05:53.275 MAREIS-M-D0X9 confd[2442]: audit user: admin/30 CLI 'enable'
<INFO> 16-Jun-2017::16:05:53.275 MAREIS-M-D0X9 confd[2442]: audit user: admin/30 CLI done
<INFO> 16-Jun-2017::16:05:53.278 MAREIS-M-D0X9 confd[2442]: audit user: admin/30 CLI 'terminal length 0'
<INFO> 16-Jun-2017::16:05:53.389 MAREIS-M-D0X9 confd[2442]: audit user: admin/30 CLI done
<INFO> 16-Jun-2017::16:05:53.391 MAREIS-M-D0X9 confd[2442]: audit user: admin/30 CLI 'terminal width 0'
<INFO> 16-Jun-2017::16:05:53.480 MAREIS-M-D0X9 confd[2442]: audit user: admin/30 CLI done
<INFO> 16-Jun-2017::16:05:53.496 MAREIS-M-D0X9 confd[2442]: audit user: admin/30 CLI 'show version'
<INFO> 16-Jun-2017::16:05:53.632 MAREIS-M-D0X9 confd[2442]: audit user: admin/30 CLI done
<INFO> 16-Jun-2017::16:05:53.633 MAREIS-M-D0X9 confd[2442]: audit user: admin/30 CLI 'paginate false'
<INFO> 16-Jun-2017::16:05:53.634 MAREIS-M-D0X9 confd[2442]: audit user: admin/30 CLI done
<INFO> 16-Jun-2017::16:05:53.658 MAREIS-M-D0X9 confd[2442]: audit user: admin/30 CLI 'show running-config'
<INFO> 16-Jun-2017::16:05:53.702 MAREIS-M-D0X9 confd[2442]: audit user: admin/30 CLI done
<INFO> 16-Jun-2017::16:05:53.753 MAREIS-M-D0X9 confd[2442]: audit user: admin/30 CLI 'show running-config'
<INFO> 16-Jun-2017::16:05:53.808 MAREIS-M-D0X9 confd[2442]: audit user: admin/30 CLI done
<INFO> 16-Jun-2017::16:06:24.502 MAREIS-M-D0X9 confd[2442]: audit user: admin/0 Logged out ssh <local> user
<INFO> 16-Jun-2017::19:57:00.855 MAREIS-M-D0X9 confd[2442]: audit user: admin/0 logged in over ssh from 127.0.0.1 with authmeth:password
<INFO> 16-Jun-2017::19:57:00.858 MAREIS-M-D0X9 confd[2442]: audit user: admin/31 assigned to groups: admin
<INFO> 16-Jun-2017::19:57:00.865 MAREIS-M-D0X9 confd[2442]: audit user: admin/31 CLI 'enable'
<INFO> 16-Jun-2017::19:57:00.865 MAREIS-M-D0X9 confd[2442]: audit user: admin/31 CLI done
<INFO> 16-Jun-2017::19:57:00.867 MAREIS-M-D0X9 confd[2442]: audit user: admin/31 CLI 'terminal length 0'
<INFO> 16-Jun-2017::19:57:00.977 MAREIS-M-D0X9 confd[2442]: audit user: admin/31 CLI done
<INFO> 16-Jun-2017::19:57:00.980 MAREIS-M-D0X9 confd[2442]: audit user: admin/31 CLI 'terminal width 0'
<INFO> 16-Jun-2017::19:57:01.075 MAREIS-M-D0X9 confd[2442]: audit user: admin/31 CLI done
<INFO> 16-Jun-2017::19:57:01.095 MAREIS-M-D0X9 confd[2442]: audit user: admin/31 CLI 'show version'
<INFO> 16-Jun-2017::19:57:01.288 MAREIS-M-D0X9 confd[2442]: audit user: admin/31 CLI done
<INFO> 16-Jun-2017::19:57:01.290 MAREIS-M-D0X9 confd[2442]: audit user: admin/31 CLI 'paginate false'
<INFO> 16-Jun-2017::19:57:01.290 MAREIS-M-D0X9 confd[2442]: audit user: admin/31 CLI done
<INFO> 16-Jun-2017::19:57:01.389 MAREIS-M-D0X9 confd[2442]: audit user: admin/31 CLI 'show running-config'
<INFO> 16-Jun-2017::19:57:01.441 MAREIS-M-D0X9 confd[2442]: audit user: admin/31 CLI done
<INFO> 16-Jun-2017::19:57:32.602 MAREIS-M-D0X9 confd[2442]: audit user: admin/0 Logged out ssh <local> user
<INFO> 16-Jun-2017::19:57:54.316 MAREIS-M-D0X9 confd[2442]: audit user: admin/0 logged in over ssh from 127.0.0.1 with authmeth:password
<INFO> 16-Jun-2017::19:57:54.317 MAREIS-M-D0X9 confd[2442]: audit user: admin/32 assigned to groups: admin
<INFO> 16-Jun-2017::19:57:54.324 MAREIS-M-D0X9 confd[2442]: audit user: admin/32 CLI 'enable'
<INFO> 16-Jun-2017::19:57:54.324 MAREIS-M-D0X9 confd[2442]: audit user: admin/32 CLI done
<INFO> 16-Jun-2017::19:57:54.327 MAREIS-M-D0X9 confd[2442]: audit user: admin/32 CLI 'terminal length 0'
<INFO> 16-Jun-2017::19:57:54.454 MAREIS-M-D0X9 confd[2442]: audit user: admin/32 CLI done
<INFO> 16-Jun-2017::19:57:54.456 MAREIS-M-D0X9 confd[2442]: audit user: admin/32 CLI 'terminal width 0'
<INFO> 16-Jun-2017::19:57:54.559 MAREIS-M-D0X9 confd[2442]: audit user: admin/32 CLI done
<INFO> 16-Jun-2017::19:57:54.574 MAREIS-M-D0X9 confd[2442]: audit user: admin/32 CLI 'show version'
<INFO> 16-Jun-2017::19:57:54.775 MAREIS-M-D0X9 confd[2442]: audit user: admin/32 CLI done
<INFO> 16-Jun-2017::19:57:54.777 MAREIS-M-D0X9 confd[2442]: audit user: admin/32 CLI 'paginate false'
<INFO> 16-Jun-2017::19:57:54.777 MAREIS-M-D0X9 confd[2442]: audit user: admin/32 CLI done
<INFO> 16-Jun-2017::19:57:54.835 MAREIS-M-D0X9 confd[2442]: audit user: admin/32 CLI 'show running-config'
<INFO> 16-Jun-2017::19:57:54.896 MAREIS-M-D0X9 confd[2442]: audit user: admin/32 CLI done
<INFO> 16-Jun-2017::19:57:54.986 MAREIS-M-D0X9 confd[2442]: audit user: admin/32 CLI 'show running-config'
<INFO> 16-Jun-2017::19:57:55.055 MAREIS-M-D0X9 confd[2442]: audit user: admin/32 CLI done
<INFO> 16-Jun-2017::19:58:26.749 MAREIS-M-D0X9 confd[2442]: audit user: admin/0 Logged out ssh <local> user
